<?xml version="1.0" encoding="UTF-8"?>
<!-- Generated by org.testng.reporters.JUnitReportReporter -->
<testsuite hostname="DESKTOP-JECJT8C" failures="0" tests="1" name="demo.PutDemo" time="1.906" errors="0" timestamp="2020-07-16T21:14:29 IST" skipped="0">
  <testcase classname="demo.PutDemo" name="tc_put" time="1.906"/>
  <system-out/>
</testsuite> <!-- demo.PutDemo -->
