<?xml version="1.0" encoding="UTF-8"?>
<!-- Generated by org.testng.reporters.JUnitReportReporter -->
<testsuite hostname="DESKTOP-JECJT8C" failures="0" tests="3" name="demo.LocalServerDataProvider" time="1.162" errors="0" timestamp="2020-07-20T08:20:51 IST" skipped="0">
  <testcase classname="demo.LocalServerDataProvider" name="tc_post" time="1.123"/>
  <system-out/>
  <testcase classname="demo.LocalServerDataProvider" name="tc_post" time="0.020"/>
  <system-out/>
  <testcase classname="demo.LocalServerDataProvider" name="tc_post" time="0.019"/>
  <system-out/>
</testsuite> <!-- demo.LocalServerDataProvider -->
