<?xml version="1.0" encoding="UTF-8"?>
<!-- Generated by org.testng.reporters.JUnitReportReporter -->
<testsuite hostname="DESKTOP-JECJT8C" failures="0" tests="1" name="demo.TestingFirstRestAssuredLogic" time="1.666" errors="0" timestamp="2020-07-16T20:40:20 IST" skipped="0">
  <testcase classname="demo.TestingFirstRestAssuredLogic" name="tc_01" time="1.666"/>
  <system-out/>
</testsuite> <!-- demo.TestingFirstRestAssuredLogic -->
