<?xml version="1.0" encoding="UTF-8"?>
<!-- Generated by org.testng.reporters.JUnitReportReporter -->
<testsuite hostname="DESKTOP-JECJT8C" failures="0" tests="1" name="demo.GetDemo" time="2.231" errors="0" timestamp="2020-07-16T21:26:44 IST" skipped="0">
  <testcase classname="demo.GetDemo" name="tc_get" time="2.231"/>
  <system-out/>
</testsuite> <!-- demo.GetDemo -->
